<document>
	<field type="MrzType">
		<value>2line</value>
	</field>
	<field type="Line1">
		<value>P&lt;MUSBHEEROO&lt;&lt;NEERRKAMALSINGH&lt;&lt;&lt;&lt;&lt;&lt;&lt;&lt;&lt;&lt;&lt;&lt;&lt;&lt;&lt;</value>
	</field>
</document>